<?xml version="1.0" encoding="UTF-8"?>
<!-- Generated by org.testng.reporters.JUnitXMLReporter -->
<testsuite hostname="DESKTOP-3SL4LUB" ignored="0" name="Create Customer API Test" tests="4" failures="1" timestamp="19 Dec 2019 12:37:47 GMT" time="5.655" errors="0">
  <testcase name="validateCreateCustomerAPIWithInValidSecretKey" time="2.832" classname="com.w2a.APITestingFramework.testcases.CreateCustomerTest">
    <failure type="java.lang.AssertionError" message="expected [200] but found [401]">
      <![CDATA[java.lang.AssertionError: expected [200] but found [401]
at com.w2a.APITestingFramework.testcases.CreateCustomerTest.validateCreateCustomerAPIWithInValidSecretKey(CreateCustomerTest.java:41)
... Removed 31 stack frames]]>
    </failure>
  </testcase> <!-- validateCreateCustomerAPIWithInValidSecretKey -->
  <testcase name="validateCreateCustomerAPIWithValidSecretKey" time="1.019" classname="com.w2a.APITestingFramework.testcases.CreateCustomerTest"/>
  <testcase name="validateCreateCustomerAPIWithValidSecretKey" time="0.829" classname="com.w2a.APITestingFramework.testcases.CreateCustomerTest"/>
  <testcase name="validateCreateCustomerAPIWithValidSecretKey" time="0.886" classname="com.w2a.APITestingFramework.testcases.CreateCustomerTest"/>
</testsuite> <!-- Create Customer API Test -->
