<?xml version="1.0" encoding="UTF-8"?>
<!-- Generated by org.testng.reporters.JUnitXMLReporter -->
<testsuite hostname="DESKTOP-3SL4LUB" ignored="0" name="Create Customer API Test" tests="4" failures="1" timestamp="20 Dec 2019 10:41:53 GMT" time="4.942" errors="0">
  <testcase name="validateCreateCustomerAPIWithInValidSecretKey" time="2.321" classname="com.w2a.APITestingFramework.testcases.CreateCustomerTest">
    <failure type="java.lang.AssertionError" message="expected [200] but found [401]">
      <![CDATA[java.lang.AssertionError: expected [200] but found [401]
at com.w2a.APITestingFramework.testcases.CreateCustomerTest.validateCreateCustomerAPIWithInValidSecretKey(CreateCustomerTest.java:41)
... Removed 35 stack frames]]>
    </failure>
  </testcase> <!-- validateCreateCustomerAPIWithInValidSecretKey -->
  <testcase name="validateCreateCustomerAPIWithValidSecretKey" time="0.851" classname="com.w2a.APITestingFramework.testcases.CreateCustomerTest"/>
  <testcase name="validateCreateCustomerAPIWithValidSecretKey" time="0.818" classname="com.w2a.APITestingFramework.testcases.CreateCustomerTest"/>
  <testcase name="validateCreateCustomerAPIWithValidSecretKey" time="0.899" classname="com.w2a.APITestingFramework.testcases.CreateCustomerTest"/>
</testsuite> <!-- Create Customer API Test -->
